2018/06/27 11:39:42 [error] 1861#1861: *1 FastCGI sent in stderr: "PHP message: PHP Warning:  require(/app/api/config/params-local.php): failed to open stream: No such file or directory in /app/api/config/main.php on line 6
PHP message: PHP Stack trace:
PHP message: PHP   1. {main}() /app/api/web/index.php:0
PHP message: PHP   2. require() /app/api/web/index.php:13
PHP message: PHP Fatal error:  require(): Failed opening required '/app/api/config/params-local.php' (include_path='.:/usr/share/php') in /app/api/config/main.php on line 6
PHP message: PHP Stack trace:
PHP message: PHP   1. {main}() /app/api/web/index.php:0
PHP message: PHP   2. require() /app/api/web/index.php:13" while reading response header from upstream, client: 192.168.83.1, server: api.choco.api, request: "GET /user/ HTTP/1.1", upstream: "fastcgi://unix:/var/run/php/php7.0-fpm.sock:", host: "api.choco.api"
2018/06/27 15:54:50 [error] 1861#1861: *171 FastCGI sent in stderr: "PHP message: PHP Warning:  require(/app/api/web/../../vendor/autoload.php): failed to open stream: No such file or directory in /app/api/web/index.php on line 5
PHP message: PHP Stack trace:
PHP message: PHP   1. {main}() /app/api/web/index.php:0
PHP message: PHP Fatal error:  require(): Failed opening required '/app/api/web/../../vendor/autoload.php' (include_path='.:/usr/share/php') in /app/api/web/index.php on line 5
PHP message: PHP Stack trace:
PHP message: PHP   1. {main}() /app/api/web/index.php:0" while reading response header from upstream, client: 192.168.83.1, server: api.choco.api, request: "GET /user/1 HTTP/1.1", upstream: "fastcgi://unix:/var/run/php/php7.0-fpm.sock:", host: "api.choco.api"
2018/06/27 15:58:34 [error] 1861#1861: *173 FastCGI sent in stderr: "PHP message: PHP Warning:  require(/app/api/web/../../common/config/bootstrap.php): failed to open stream: No such file or directory in /app/api/web/index.php on line 7
PHP message: PHP Stack trace:
PHP message: PHP   1. {main}() /app/api/web/index.php:0
PHP message: PHP Fatal error:  require(): Failed opening required '/app/api/web/../../common/config/bootstrap.php' (include_path='.:/usr/share/php') in /app/api/web/index.php on line 7
PHP message: PHP Stack trace:
PHP message: PHP   1. {main}() /app/api/web/index.php:0" while reading response header from upstream, client: 192.168.83.1, server: api.choco.api, request: "GET /user/1 HTTP/1.1", upstream: "fastcgi://unix:/var/run/php/php7.0-fpm.sock:", host: "api.choco.api"
2018/06/27 15:58:39 [error] 1861#1861: *175 FastCGI sent in stderr: "PHP message: PHP Warning:  require(/app/api/web/../../common/config/bootstrap.php): failed to open stream: No such file or directory in /app/api/web/index.php on line 7
PHP message: PHP Stack trace:
PHP message: PHP   1. {main}() /app/api/web/index.php:0
PHP message: PHP Fatal error:  require(): Failed opening required '/app/api/web/../../common/config/bootstrap.php' (include_path='.:/usr/share/php') in /app/api/web/index.php on line 7
PHP message: PHP Stack trace:
PHP message: PHP   1. {main}() /app/api/web/index.php:0" while reading response header from upstream, client: 192.168.83.1, server: api.choco.api, request: "GET /user/1 HTTP/1.1", upstream: "fastcgi://unix:/var/run/php/php7.0-fpm.sock:", host: "api.choco.api"
2018/06/27 15:59:02 [error] 1861#1861: *177 FastCGI sent in stderr: "PHP message: PHP Warning:  require(/app/api/web/../../common/config/bootstrap.php): failed to open stream: No such file or directory in /app/api/web/index.php on line 7
PHP message: PHP Stack trace:
PHP message: PHP   1. {main}() /app/api/web/index.php:0
PHP message: PHP Fatal error:  require(): Failed opening required '/app/api/web/../../common/config/bootstrap.php' (include_path='.:/usr/share/php') in /app/api/web/index.php on line 7
PHP message: PHP Stack trace:
PHP message: PHP   1. {main}() /app/api/web/index.php:0" while reading response header from upstream, client: 192.168.83.1, server: api.choco.api, request: "GET /user/1 HTTP/1.1", upstream: "fastcgi://unix:/var/run/php/php7.0-fpm.sock:", host: "api.choco.api"
2018/06/27 15:59:30 [error] 1861#1861: *179 FastCGI sent in stderr: "PHP message: PHP Warning:  require(/app/api/web/../../common/config/bootstrap.php): failed to open stream: No such file or directory in /app/api/web/index.php on line 7
PHP message: PHP Stack trace:
PHP message: PHP   1. {main}() /app/api/web/index.php:0
PHP message: PHP Fatal error:  require(): Failed opening required '/app/api/web/../../common/config/bootstrap.php' (include_path='.:/usr/share/php') in /app/api/web/index.php on line 7
PHP message: PHP Stack trace:
PHP message: PHP   1. {main}() /app/api/web/index.php:0" while reading response header from upstream, client: 192.168.83.1, server: api.choco.api, request: "GET /user/1 HTTP/1.1", upstream: "fastcgi://unix:/var/run/php/php7.0-fpm.sock:", host: "api.choco.api"
2018/06/27 16:00:00 [error] 1861#1861: *181 FastCGI sent in stderr: "PHP message: PHP Warning:  require(/app/api/web/../../common/config/bootstrap.php): failed to open stream: No such file or directory in /app/api/web/index.php on line 7
PHP message: PHP Stack trace:
PHP message: PHP   1. {main}() /app/api/web/index.php:0
PHP message: PHP Fatal error:  require(): Failed opening required '/app/api/web/../../common/config/bootstrap.php' (include_path='.:/usr/share/php') in /app/api/web/index.php on line 7
PHP message: PHP Stack trace:
PHP message: PHP   1. {main}() /app/api/web/index.php:0" while reading response header from upstream, client: 192.168.83.1, server: api.choco.api, request: "GET /user/1 HTTP/1.1", upstream: "fastcgi://unix:/var/run/php/php7.0-fpm.sock:", host: "api.choco.api"
2018/06/27 16:00:08 [error] 1861#1861: *181 FastCGI sent in stderr: "PHP message: PHP Warning:  require(/app/api/web/../../common/config/bootstrap.php): failed to open stream: No such file or directory in /app/api/web/index.php on line 7
PHP message: PHP Stack trace:
PHP message: PHP   1. {main}() /app/api/web/index.php:0
PHP message: PHP Fatal error:  require(): Failed opening required '/app/api/web/../../common/config/bootstrap.php' (include_path='.:/usr/share/php') in /app/api/web/index.php on line 7
PHP message: PHP Stack trace:
PHP message: PHP   1. {main}() /app/api/web/index.php:0" while reading response header from upstream, client: 192.168.83.1, server: api.choco.api, request: "GET /user/1 HTTP/1.1", upstream: "fastcgi://unix:/var/run/php/php7.0-fpm.sock:", host: "api.choco.api"
2018/06/27 16:00:12 [error] 1861#1861: *181 FastCGI sent in stderr: "PHP message: PHP Warning:  require(/app/api/web/../../common/config/bootstrap.php): failed to open stream: No such file or directory in /app/api/web/index.php on line 7
PHP message: PHP Stack trace:
PHP message: PHP   1. {main}() /app/api/web/index.php:0
PHP message: PHP Fatal error:  require(): Failed opening required '/app/api/web/../../common/config/bootstrap.php' (include_path='.:/usr/share/php') in /app/api/web/index.php on line 7
PHP message: PHP Stack trace:
PHP message: PHP   1. {main}() /app/api/web/index.php:0" while reading response header from upstream, client: 192.168.83.1, server: api.choco.api, request: "GET /users HTTP/1.1", upstream: "fastcgi://unix:/var/run/php/php7.0-fpm.sock:", host: "api.choco.api"
2018/06/27 16:00:41 [error] 1861#1861: *187 FastCGI sent in stderr: "PHP message: PHP Warning:  require(/app/api/web/../../common/config/bootstrap.php): failed to open stream: No such file or directory in /app/api/web/index.php on line 7
PHP message: PHP Stack trace:
PHP message: PHP   1. {main}() /app/api/web/index.php:0
PHP message: PHP Fatal error:  require(): Failed opening required '/app/api/web/../../common/config/bootstrap.php' (include_path='.:/usr/share/php') in /app/api/web/index.php on line 7
PHP message: PHP Stack trace:
PHP message: PHP   1. {main}() /app/api/web/index.php:0" while reading response header from upstream, client: 192.168.83.1, server: api.choco.api, request: "GET /user/1 HTTP/1.1", upstream: "fastcgi://unix:/var/run/php/php7.0-fpm.sock:", host: "api.choco.api"
2018/06/27 16:00:47 [error] 1861#1861: *189 FastCGI sent in stderr: "PHP message: PHP Warning:  require(/app/api/web/../../common/config/bootstrap.php): failed to open stream: No such file or directory in /app/api/web/index.php on line 7
PHP message: PHP Stack trace:
PHP message: PHP   1. {main}() /app/api/web/index.php:0
PHP message: PHP Fatal error:  require(): Failed opening required '/app/api/web/../../common/config/bootstrap.php' (include_path='.:/usr/share/php') in /app/api/web/index.php on line 7
PHP message: PHP Stack trace:
PHP message: PHP   1. {main}() /app/api/web/index.php:0" while reading response header from upstream, client: 192.168.83.1, server: api.choco.api, request: "GET /users HTTP/1.1", upstream: "fastcgi://unix:/var/run/php/php7.0-fpm.sock:", host: "api.choco.api"
2018/06/27 16:01:59 [error] 1861#1861: *191 FastCGI sent in stderr: "PHP message: PHP Warning:  require(/app/api/web/../../common/config/bootstrap.php): failed to open stream: No such file or directory in /app/api/web/index.php on line 7
PHP message: PHP Stack trace:
PHP message: PHP   1. {main}() /app/api/web/index.php:0
PHP message: PHP Fatal error:  require(): Failed opening required '/app/api/web/../../common/config/bootstrap.php' (include_path='.:/usr/share/php') in /app/api/web/index.php on line 7
PHP message: PHP Stack trace:
PHP message: PHP   1. {main}() /app/api/web/index.php:0" while reading response header from upstream, client: 192.168.83.1, server: api.choco.api, request: "GET /users HTTP/1.1", upstream: "fastcgi://unix:/var/run/php/php7.0-fpm.sock:", host: "api.choco.api"
2018/06/27 16:05:17 [error] 1858#1858: *1 FastCGI sent in stderr: "PHP message: PHP Warning:  require(/app/api/web/../../common/config/bootstrap.php): failed to open stream: No such file or directory in /app/api/web/index.php on line 7
PHP message: PHP Stack trace:
PHP message: PHP   1. {main}() /app/api/web/index.php:0
PHP message: PHP Fatal error:  require(): Failed opening required '/app/api/web/../../common/config/bootstrap.php' (include_path='.:/usr/share/php') in /app/api/web/index.php on line 7
PHP message: PHP Stack trace:
PHP message: PHP   1. {main}() /app/api/web/index.php:0" while reading response header from upstream, client: 192.168.83.1, server: api.choco.api, request: "GET /users HTTP/1.1", upstream: "fastcgi://unix:/var/run/php/php7.0-fpm.sock:", host: "api.choco.api"
2018/06/27 16:05:18 [error] 1858#1858: *1 FastCGI sent in stderr: "PHP message: PHP Warning:  require(/app/api/web/../../common/config/bootstrap.php): failed to open stream: No such file or directory in /app/api/web/index.php on line 7
PHP message: PHP Stack trace:
PHP message: PHP   1. {main}() /app/api/web/index.php:0
PHP message: PHP Fatal error:  require(): Failed opening required '/app/api/web/../../common/config/bootstrap.php' (include_path='.:/usr/share/php') in /app/api/web/index.php on line 7
PHP message: PHP Stack trace:
PHP message: PHP   1. {main}() /app/api/web/index.php:0" while reading response header from upstream, client: 192.168.83.1, server: api.choco.api, request: "GET /users HTTP/1.1", upstream: "fastcgi://unix:/var/run/php/php7.0-fpm.sock:", host: "api.choco.api"
2018/06/27 16:05:19 [error] 1858#1858: *1 FastCGI sent in stderr: "PHP message: PHP Warning:  require(/app/api/web/../../common/config/bootstrap.php): failed to open stream: No such file or directory in /app/api/web/index.php on line 7
PHP message: PHP Stack trace:
PHP message: PHP   1. {main}() /app/api/web/index.php:0
PHP message: PHP Fatal error:  require(): Failed opening required '/app/api/web/../../common/config/bootstrap.php' (include_path='.:/usr/share/php') in /app/api/web/index.php on line 7
PHP message: PHP Stack trace:
PHP message: PHP   1. {main}() /app/api/web/index.php:0" while reading response header from upstream, client: 192.168.83.1, server: api.choco.api, request: "GET /users HTTP/1.1", upstream: "fastcgi://unix:/var/run/php/php7.0-fpm.sock:", host: "api.choco.api"
2018/06/27 16:05:24 [error] 1858#1858: *6 FastCGI sent in stderr: "PHP message: PHP Warning:  require(/app/api/web/../../common/config/bootstrap.php): failed to open stream: No such file or directory in /app/api/web/index.php on line 7
PHP message: PHP Stack trace:
PHP message: PHP   1. {main}() /app/api/web/index.php:0
PHP message: PHP Fatal error:  require(): Failed opening required '/app/api/web/../../common/config/bootstrap.php' (include_path='.:/usr/share/php') in /app/api/web/index.php on line 7
PHP message: PHP Stack trace:
PHP message: PHP   1. {main}() /app/api/web/index.php:0" while reading response header from upstream, client: 192.168.83.1, server: api.choco.api, request: "GET /users HTTP/1.1", upstream: "fastcgi://unix:/var/run/php/php7.0-fpm.sock:", host: "api.choco.api"
2018/06/27 16:08:31 [error] 1858#1858: *8 FastCGI sent in stderr: "PHP message: PHP Warning:  require(/app/api/config/../../common/config/params.php): failed to open stream: No such file or directory in /app/api/config/main.php on line 3
PHP message: PHP Stack trace:
PHP message: PHP   1. {main}() /app/api/web/index.php:0
PHP message: PHP   2. require() /app/api/web/index.php:13
PHP message: PHP Fatal error:  require(): Failed opening required '/app/api/config/../../common/config/params.php' (include_path='.:/usr/share/php') in /app/api/config/main.php on line 3
PHP message: PHP Stack trace:
PHP message: PHP   1. {main}() /app/api/web/index.php:0
PHP message: PHP   2. require() /app/api/web/index.php:13" while reading response header from upstream, client: 192.168.83.1, server: api.choco.api, request: "GET /users HTTP/1.1", upstream: "fastcgi://unix:/var/run/php/php7.0-fpm.sock:", host: "api.choco.api"
2018/06/27 16:08:38 [error] 1858#1858: *10 FastCGI sent in stderr: "PHP message: PHP Warning:  require(/app/api/config/../../common/config/params.php): failed to open stream: No such file or directory in /app/api/config/main.php on line 3
PHP message: PHP Stack trace:
PHP message: PHP   1. {main}() /app/api/web/index.php:0
PHP message: PHP   2. require() /app/api/web/index.php:13
PHP message: PHP Fatal error:  require(): Failed opening required '/app/api/config/../../common/config/params.php' (include_path='.:/usr/share/php') in /app/api/config/main.php on line 3
PHP message: PHP Stack trace:
PHP message: PHP   1. {main}() /app/api/web/index.php:0
PHP message: PHP   2. require() /app/api/web/index.php:13" while reading response header from upstream, client: 192.168.83.1, server: api.choco.api, request: "GET /users HTTP/1.1", upstream: "fastcgi://unix:/var/run/php/php7.0-fpm.sock:", host: "api.choco.api"
2018/06/27 16:10:27 [error] 1858#1858: *14 FastCGI sent in stderr: "PHP message: PHP Warning:  require(/app/api/web/../../common/config/bootstrap.php): failed to open stream: No such file or directory in /app/api/web/index.php on line 7
PHP message: PHP Stack trace:
PHP message: PHP   1. {main}() /app/api/web/index.php:0
PHP message: PHP Fatal error:  require(): Failed opening required '/app/api/web/../../common/config/bootstrap.php' (include_path='.:/usr/share/php') in /app/api/web/index.php on line 7
PHP message: PHP Stack trace:
PHP message: PHP   1. {main}() /app/api/web/index.php:0" while reading response header from upstream, client: 192.168.83.1, server: api.choco.api, request: "GET /users HTTP/1.1", upstream: "fastcgi://unix:/var/run/php/php7.0-fpm.sock:", host: "api.choco.api"
2018/06/27 16:11:04 [error] 1858#1858: *16 FastCGI sent in stderr: "PHP message: PHP Warning:  require(/app/api/web/../../common/config/bootstrap.php): failed to open stream: No such file or directory in /app/api/web/index.php on line 7
PHP message: PHP Stack trace:
PHP message: PHP   1. {main}() /app/api/web/index.php:0
PHP message: PHP Fatal error:  require(): Failed opening required '/app/api/web/../../common/config/bootstrap.php' (include_path='.:/usr/share/php') in /app/api/web/index.php on line 7
PHP message: PHP Stack trace:
PHP message: PHP   1. {main}() /app/api/web/index.php:0" while reading response header from upstream, client: 192.168.83.1, server: api.choco.api, request: "GET /users HTTP/1.1", upstream: "fastcgi://unix:/var/run/php/php7.0-fpm.sock:", host: "api.choco.api"
2018/06/27 16:11:31 [error] 1858#1858: *18 FastCGI sent in stderr: "PHP message: PHP Warning:  require(/app/api/web/../../common/config/bootstrap.php): failed to open stream: No such file or directory in /app/api/web/index.php on line 7
PHP message: PHP Stack trace:
PHP message: PHP   1. {main}() /app/api/web/index.php:0
PHP message: PHP Fatal error:  require(): Failed opening required '/app/api/web/../../common/config/bootstrap.php' (include_path='.:/usr/share/php') in /app/api/web/index.php on line 7
PHP message: PHP Stack trace:
PHP message: PHP   1. {main}() /app/api/web/index.php:0" while reading response header from upstream, client: 192.168.83.1, server: api.choco.api, request: "GET /users HTTP/1.1", upstream: "fastcgi://unix:/var/run/php/php7.0-fpm.sock:", host: "api.choco.api"
2018/06/27 16:11:51 [error] 1858#1858: *21 FastCGI sent in stderr: "PHP message: PHP Warning:  require(/app/api/web/../../common/config/bootstrap.php): failed to open stream: No such file or directory in /app/api/web/index.php on line 7
PHP message: PHP Stack trace:
PHP message: PHP   1. {main}() /app/api/web/index.php:0
PHP message: PHP Fatal error:  require(): Failed opening required '/app/api/web/../../common/config/bootstrap.php' (include_path='.:/usr/share/php') in /app/api/web/index.php on line 7
PHP message: PHP Stack trace:
PHP message: PHP   1. {main}() /app/api/web/index.php:0" while reading response header from upstream, client: 192.168.83.1, server: api.choco.api, request: "GET /users HTTP/1.1", upstream: "fastcgi://unix:/var/run/php/php7.0-fpm.sock:", host: "api.choco.api"
